[15:29:58] [main/INFO]: Environment: authHost='https://authserver.mojang.com', accountsHost='https://api.mojang.com', sessionHost='https://sessionserver.mojang.com', servicesHost='https://api.minecraftservices.com', name='PROD'
[15:29:59] [main/INFO]: Reloading ResourceManager: Default, CavesAndCliffsPreview.zip, bukkit
[15:30:01] [Worker-Main-2/INFO]: Loaded 7 recipes
[15:30:06] [Server thread/INFO]: Starting minecraft server version 1.17.1
[15:30:06] [Server thread/INFO]: Loading properties
[15:30:07] [Server thread/INFO]: This server is running Paper version git-Paper-100 (MC: 1.17.1) (Implementing API version 1.17.1-R0.1-SNAPSHOT) (Git: 70ea1b2)
[15:30:07] [Server thread/INFO]: Debug logging is disabled
[15:30:07] [Server thread/INFO]: Server Ping Player Sample Count: 12
[15:30:07] [Server thread/INFO]: Using 4 threads for Netty based IO
[15:30:07] [Server thread/INFO]: Default game type: SURVIVAL
[15:30:07] [Server thread/INFO]: Generating keypair
[15:30:07] [Server thread/INFO]: Starting Minecraft server on *:25565
[15:30:08] [Server thread/INFO]: Using default channel type
[15:30:09] [Server thread/INFO]: [LuckPerms] Loading LuckPerms v5.3.48
[15:30:10] [Server thread/INFO]: [SpectatorMode] Loading SpectatorMode v2.1.2
[15:30:10] [Server thread/INFO]: Server permissions file permissions.yml is empty, ignoring it
[15:30:10] [Server thread/INFO]: [LuckPerms] Enabling LuckPerms v5.3.48
[15:30:10] [Server thread/INFO]:         __    
[15:30:10] [Server thread/INFO]:   |    |__)   LuckPerms v5.3.48
[15:30:10] [Server thread/INFO]:   |___ |      Running on Bukkit - Paper
[15:30:10] [Server thread/INFO]: 
[15:30:10] [Server thread/INFO]: [LuckPerms] Loading configuration...
[15:30:11] [Server thread/INFO]: [LuckPerms] Loading storage provider... [H2]
[15:30:12] [Server thread/INFO]: [LuckPerms] Loading internal permission managers...
[15:30:12] [Server thread/INFO]: [LuckPerms] Performing initial data load...
[15:30:13] [Server thread/INFO]: [LuckPerms] Successfully enabled. (took 2850ms)
[15:30:13] [Server thread/WARN]: **** SERVER IS RUNNING IN OFFLINE/INSECURE MODE!
[15:30:13] [Server thread/WARN]: The server will make no attempt to authenticate usernames. Beware.
[15:30:13] [Server thread/WARN]: While this makes the game possible to play without internet access, it also opens up the ability for hackers to connect with any username they choose.
[15:30:13] [Server thread/WARN]: To change this, set "online-mode" to "true" in the server.properties file.
[15:30:13] [Server thread/INFO]: Preparing level "world"
[15:30:14] [Server thread/INFO]: Preparing start region for dimension minecraft:overworld
[15:30:17] [Worker-Main-1/INFO]: Preparing spawn area: 0%
[15:30:17] [Worker-Main-1/INFO]: Preparing spawn area: 0%
[15:30:17] [Worker-Main-1/INFO]: Preparing spawn area: 0%
[15:30:17] [Worker-Main-1/INFO]: Preparing spawn area: 0%
[15:30:17] [Worker-Main-1/INFO]: Preparing spawn area: 0%
[15:30:17] [Worker-Main-1/INFO]: Preparing spawn area: 0%
[15:30:17] [Worker-Main-1/INFO]: Preparing spawn area: 0%
[15:30:17] [Server thread/INFO]: Time elapsed: 3358 ms
[15:30:17] [Server thread/INFO]: Preparing start region for dimension minecraft:the_nether
[15:30:20] [Server thread/INFO]: Time elapsed: 2512 ms
[15:30:20] [Server thread/INFO]: Preparing start region for dimension minecraft:the_end
[15:30:22] [Server thread/INFO]: Time elapsed: 2526 ms
[15:30:22] [Server thread/INFO]: [SpectatorMode] Enabling SpectatorMode v2.1.2
[15:30:23] [Server thread/INFO]: [SpectatorMode] [ACF] Enabled Asynchronous Tab Completion Support!
[15:30:23] [Server thread/INFO]: Running delayed init tasks
[15:30:23] [Server thread/INFO]: Done (16.614s)! For help, type "help"
[15:30:23] [Server thread/INFO]: Timings Reset
[15:30:24] [ForkJoinPool.commonPool-worker-3/INFO]: [SpectatorMode] [36m[31mA new version of SMP Spectator Mode is available![0m
[15:30:32] [Server thread/WARN]: Can't keep up! Is the server overloaded? Running 5035ms or 100 ticks behind
[15:31:11] [User Authenticator #1/INFO]: UUID of player Otcova is 3075f068-5e15-3262-906f-a1d70930ab4a
[15:31:12] [Server thread/INFO]: Otcova joined the game
[15:31:12] [Server thread/INFO]: Otcova[/127.0.0.1:63316] logged in with entity id 899 at ([world]3497.0063936608, 71.0, 5382.486491546195)
[15:35:29] [Server thread/INFO]: Otcova issued server command: /gamemode creative
[15:35:32] [Server thread/INFO]: Otcova issued server command: /gamemode survival
[15:35:59] [Server thread/INFO]: Otcova issued server command: /gamemode spectator
[15:36:08] [Server thread/INFO]: Otcova issued server command: /gamemode survival
[15:36:44] [Server thread/INFO]: Otcova issued server command: /gamemode spectator
[15:37:37] [Server thread/INFO]: Otcova issued server command: /s
[15:37:43] [Server thread/INFO]: Otcova issued server command: /gamemode survival
[15:37:48] [Server thread/INFO]: Otcova issued server command: /optimizemobs
[15:43:53] [Server thread/INFO]: Otcova issued server command: /s
[15:48:09] [Server thread/INFO]: Otcova issued server command: /s
[15:48:16] [Server thread/INFO]: Otcova issued server command: /s
[15:49:09] [Server thread/INFO]: Otcova issued server command: /s
[15:49:09] [Server thread/WARN]: Otcova moved too quickly! 1.3254213603665903,-3.553553399848198,-21.416670238309564
[15:50:32] [Server thread/INFO]: Otcova issued server command: /s
[15:50:48] [Server thread/INFO]: Otcova issued server command: /s
[15:50:48] [Server thread/WARN]: Otcova moved too quickly! -31.93772396742736,-25.655045714224187,8.78660246056279
[15:51:47] [Server thread/INFO]: Otcova issued server command: /s
[15:53:02] [Server thread/INFO]: Otcova issued server command: /s
[15:53:20] [Server thread/INFO]: Otcova issued server command: /s
[15:53:27] [Server thread/INFO]: Otcova issued server command: /s
[15:53:27] [Server thread/WARN]: Otcova moved too quickly! -11.525503405105269,-12.552800651873397,25.473405269246797
[15:53:30] [Server thread/INFO]: Otcova issued server command: /s
[15:53:54] [Server thread/INFO]: Otcova issued server command: /s
[15:54:00] [Server thread/INFO]: Otcova issued server command: /optimizemobs
[16:03:16] [Server thread/INFO]: Otcova issued server command: /s
[16:04:22] [Server thread/INFO]: Otcova issued server command: /s
[16:20:32] [Server thread/INFO]: Otcova issued server command: /s
[16:20:43] [Server thread/INFO]: Otcova issued server command: /s
[16:24:22] [Server thread/INFO]: Otcova issued server command: /s
[16:24:51] [Server thread/INFO]: Otcova issued server command: /s
[16:55:58] [Server thread/INFO]: Otcova lost connection: Disconnected
[16:55:58] [Server thread/INFO]: Otcova left the game
[16:56:14] [Server thread/INFO]: Stopping the server
[16:56:14] [Server thread/INFO]: Stopping server
[16:56:14] [Server thread/INFO]: [SpectatorMode] Disabling SpectatorMode v2.1.2
[16:56:14] [Server thread/INFO]: [LuckPerms] Disabling LuckPerms v5.3.48
[16:56:14] [Server thread/INFO]: [LuckPerms] Starting shutdown process...
[16:56:14] [Server thread/INFO]: [LuckPerms] Closing storage...
[16:56:14] [Server thread/INFO]: [LuckPerms] Goodbye!
[16:56:14] [Server thread/INFO]: Saving players
[16:56:15] [Server thread/INFO]: Saving worlds
[16:56:15] [Server thread/INFO]: Saving chunks for level 'ServerLevel[world]'/minecraft:overworld
[16:56:19] [Server thread/INFO]: Saving chunks for level 'ServerLevel[world_nether]'/minecraft:the_nether
[16:56:19] [Server thread/INFO]: Saving chunks for level 'ServerLevel[world_the_end]'/minecraft:the_end
[16:56:19] [Server thread/INFO]: ThreadedAnvilChunkStorage (world): All chunks are saved
[16:56:19] [Server thread/INFO]: ThreadedAnvilChunkStorage (DIM-1): All chunks are saved
[16:56:19] [Server thread/INFO]: ThreadedAnvilChunkStorage (DIM1): All chunks are saved
[16:56:19] [Server thread/INFO]: ThreadedAnvilChunkStorage: All dimensions are saved
[16:56:24] [Server thread/INFO]: Flushing Chunk IO
[16:56:24] [Server thread/INFO]: Closing Thread Pool
[16:56:24] [Server thread/INFO]: Closing Server
